# JRE version: OpenJDK Runtime Environment (8.0_202-b03) (build 1.8.0_202-release-1483-b03)
# Java VM: OpenJDK 64-Bit Server VM (25.202-b03 mixed mode windows-amd64 compressed oops)
Heap:
 PSYoungGen      total 415744K, used 30440K [0x00000000e0000000, 0x00000000ff680000, 0x0000000100000000)
  eden space 314880K, 7% used [0x00000000e0000000,0x00000000e16d9fe8,0x00000000f3380000)
  from space 100864K, 6% used [0x00000000f3380000,0x00000000f3a60040,0x00000000f9600000)
  to   space 97792K, 0% used [0x00000000f9700000,0x00000000f9700000,0x00000000ff680000)
 ParOldGen       total 332288K, used 257509K [0x00000000a0000000, 0x00000000b4480000, 0x00000000e0000000)
  object space 332288K, 77% used [0x00000000a0000000,0x00000000afb796c8,0x00000000b4480000)
 Metaspace       used 134941K, capacity 142201K, committed 142592K, reserved 1173504K
  class space    used 16989K, capacity 18282K, committed 18432K, reserved 1048576K
GC Heap History (10 events):
Event: 1902.935 GC heap before
{Heap before GC invocations=81 (full 8):
 PSYoungGen      total 417280K, used 326656K [0x00000000e0000000, 0x0000000100000000, 0x0000000100000000)
  eden space 326656K, 100% used [0x00000000e0000000,0x00000000f3f00000,0x00000000f3f00000)
  from space 90624K, 0% used [0x00000000fa780000,0x00000000fa780000,0x0000000100000000)
  to   space 98816K, 0% used [0x00000000f3f00000,0x00000000f3f00000,0x00000000f9f80000)
 ParOldGen       total 332288K, used 245448K [0x00000000a0000000, 0x00000000b4480000, 0x00000000e0000000)
  object space 332288K, 73% used [0x00000000a0000000,0x00000000aefb2020,0x00000000b4480000)
 Metaspace       used 134104K, capacity 141165K, committed 142592K, reserved 1173504K
  class space    used 16921K, capacity 18192K, committed 18432K, reserved 1048576K
Event: 1903.246 GC heap after
Heap after GC invocations=81 (full 8):
 PSYoungGen      total 400896K, used 74059K [0x00000000e0000000, 0x0000000100000000, 0x0000000100000000)
  eden space 326656K, 0% used [0x00000000e0000000,0x00000000e0000000,0x00000000f3f00000)
  from space 74240K, 99% used [0x00000000f3f00000,0x00000000f8752da8,0x00000000f8780000)
  to   space 107008K, 0% used [0x00000000f9780000,0x00000000f9780000,0x0000000100000000)
 ParOldGen       total 332288K, used 245456K [0x00000000a0000000, 0x00000000b4480000, 0x00000000e0000000)
  object space 332288K, 73% used [0x00000000a0000000,0x00000000aefb4020,0x00000000b4480000)
 Metaspace       used 134104K, capacity 141165K, committed 142592K, reserved 1173504K
  class space    used 16921K, capacity 18192K, committed 18432K, reserved 1048576K
}
Event: 1907.519 GC heap before
{Heap before GC invocations=82 (full 8):
 PSYoungGen      total 400896K, used 400715K [0x00000000e0000000, 0x0000000100000000, 0x0000000100000000)
  eden space 326656K, 100% used [0x00000000e0000000,0x00000000f3f00000,0x00000000f3f00000)
  from space 74240K, 99% used [0x00000000f3f00000,0x00000000f8752da8,0x00000000f8780000)
  to   space 107008K, 0% used [0x00000000f9780000,0x00000000f9780000,0x0000000100000000)
 ParOldGen       total 332288K, used 245456K [0x00000000a0000000, 0x00000000b4480000, 0x00000000e0000000)
  object space 332288K, 73% used [0x00000000a0000000,0x00000000aefb4020,0x00000000b4480000)
 Metaspace       used 134733K, capacity 142031K, committed 142592K, reserved 1173504K
  class space    used 16985K, capacity 18275K, committed 18432K, reserved 1048576K
Event: 1907.648 GC heap after
Heap after GC invocations=82 (full 8):
 PSYoungGen      total 418304K, used 3124K [0x00000000e0000000, 0x0000000100000000, 0x0000000100000000)
  eden space 311296K, 0% used [0x00000000e0000000,0x00000000e0000000,0x00000000f3000000)
  from space 107008K, 2% used [0x00000000f9780000,0x00000000f9a8d308,0x0000000100000000)
  to   space 105984K, 0% used [0x00000000f3000000,0x00000000f3000000,0x00000000f9780000)
 ParOldGen       total 332288K, used 317752K [0x00000000a0000000, 0x00000000b4480000, 0x00000000e0000000)
  object space 332288K, 95% used [0x00000000a0000000,0x00000000b364e0b8,0x00000000b4480000)
 Metaspace       used 134733K, capacity 142031K, committed 142592K, reserved 1173504K
  class space    used 16985K, capacity 18275K, committed 18432K, reserved 1048576K
}
Event: 1907.648 GC heap before
{Heap before GC invocations=83 (full 9):
 PSYoungGen      total 418304K, used 3124K [0x00000000e0000000, 0x0000000100000000, 0x0000000100000000)
  eden space 311296K, 0% used [0x00000000e0000000,0x00000000e0000000,0x00000000f3000000)
  from space 107008K, 2% used [0x00000000f9780000,0x00000000f9a8d308,0x0000000100000000)
  to   space 105984K, 0% used [0x00000000f3000000,0x00000000f3000000,0x00000000f9780000)
 ParOldGen       total 332288K, used 317752K [0x00000000a0000000, 0x00000000b4480000, 0x00000000e0000000)
  object space 332288K, 95% used [0x00000000a0000000,0x00000000b364e0b8,0x00000000b4480000)
 Metaspace       used 134733K, capacity 142031K, committed 142592K, reserved 1173504K
  class space    used 16985K, capacity 18275K, committed 18432K, reserved 1048576K
Event: 1908.789 GC heap after
Heap after GC invocations=83 (full 9):
 PSYoungGen      total 418304K, used 0K [0x00000000e0000000, 0x0000000100000000, 0x0000000100000000)
  eden space 311296K, 0% used [0x00000000e0000000,0x00000000e0000000,0x00000000f3000000)
  from space 107008K, 0% used [0x00000000f9780000,0x00000000f9780000,0x0000000100000000)
  to   space 105984K, 0% used [0x00000000f3000000,0x00000000f3000000,0x00000000f9780000)
 ParOldGen       total 332288K, used 257485K [0x00000000a0000000, 0x00000000b4480000, 0x00000000e0000000)
  object space 332288K, 77% used [0x00000000a0000000,0x00000000afb736c8,0x00000000b4480000)
 Metaspace       used 134726K, capacity 142007K, committed 142592K, reserved 1173504K
  class space    used 16982K, capacity 18271K, committed 18432K, reserved 1048576K
}
Event: 1912.007 GC heap before
{Heap before GC invocations=84 (full 9):
 PSYoungGen      total 418304K, used 311296K [0x00000000e0000000, 0x0000000100000000, 0x0000000100000000)
  eden space 311296K, 100% used [0x00000000e0000000,0x00000000f3000000,0x00000000f3000000)
  from space 107008K, 0% used [0x00000000f9780000,0x00000000f9780000,0x0000000100000000)
  to   space 105984K, 0% used [0x00000000f3000000,0x00000000f3000000,0x00000000f9780000)
 ParOldGen       total 332288K, used 257485K [0x00000000a0000000, 0x00000000b4480000, 0x00000000e0000000)
  object space 332288K, 77% used [0x00000000a0000000,0x00000000afb736c8,0x00000000b4480000)
 Metaspace       used 134856K, capacity 142119K, committed 142592K, reserved 1173504K
  class space    used 16987K, capacity 18279K, committed 18432K, reserved 1048576K
Event: 1912.028 GC heap after
Heap after GC invocations=84 (full 9):
 PSYoungGen      total 315392K, used 3904K [0x00000000e0000000, 0x00000000ffc00000, 0x0000000100000000)
  eden space 311296K, 0% used [0x00000000e0000000,0x00000000e0000000,0x00000000f3000000)
  from space 4096K, 95% used [0x00000000f3000000,0x00000000f33d0020,0x00000000f3400000)
  to   space 104448K, 0% used [0x00000000f9600000,0x00000000f9600000,0x00000000ffc00000)
 ParOldGen       total 332288K, used 257493K [0x00000000a0000000, 0x00000000b4480000, 0x00000000e0000000)
  object space 332288K, 77% used [0x00000000a0000000,0x00000000afb756c8,0x00000000b4480000)
 Metaspace       used 134856K, capacity 142119K, committed 142592K, reserved 1173504K
  class space    used 16987K, capacity 18279K, committed 18432K, reserved 1048576K
}
Event: 1915.244 GC heap before
{Heap before GC invocations=85 (full 9):
 PSYoungGen      total 315392K, used 315200K [0x00000000e0000000, 0x00000000ffc00000, 0x0000000100000000)
  eden space 311296K, 100% used [0x00000000e0000000,0x00000000f3000000,0x00000000f3000000)
  from space 4096K, 95% used [0x00000000f3000000,0x00000000f33d0020,0x00000000f3400000)
  to   space 104448K, 0% used [0x00000000f9600000,0x00000000f9600000,0x00000000ffc00000)
 ParOldGen       total 332288K, used 257493K [0x00000000a0000000, 0x00000000b4480000, 0x00000000e0000000)
  object space 332288K, 77% used [0x00000000a0000000,0x00000000afb756c8,0x00000000b4480000)
 Metaspace       used 134917K, capacity 142195K, committed 142592K, reserved 1173504K
  class space    used 16988K, capacity 18281K, committed 18432K, reserved 1048576K
Event: 1915.260 GC heap after
Heap after GC invocations=85 (full 9):
 PSYoungGen      total 419328K, used 7840K [0x00000000e0000000, 0x0000000100000000, 0x0000000100000000)
  eden space 314880K, 0% used [0x00000000e0000000,0x00000000e0000000,0x00000000f3380000)
  from space 104448K, 7% used [0x00000000f9600000,0x00000000f9da8080,0x00000000ffc00000)
  to   space 100864K, 0% used [0x00000000f3380000,0x00000000f3380000,0x00000000f9600000)
 ParOldGen       total 332288K, used 257501K [0x00000000a0000000, 0x00000000b4480000, 0x00000000e0000000)
  object space 332288K, 77% used [0x00000000a0000000,0x00000000afb776c8,0x00000000b4480000)
 Metaspace       used 134917K, capacity 142195K, committed 142592K, reserved 1173504K
  class space    used 16988K, capacity 18281K, committed 18432K, reserved 1048576K
}

